<?xml version="1.0" encoding="UTF-8"?>
<!-- Generated by org.testng.reporters.JUnitReportReporter -->
<testsuite hostname="m2" failures="0" tests="3" name="DragAndDrop" time="60.080" errors="0" timestamp="2020-11-05T15:29:46 IST" skipped="0">
  <testcase classname="DragAndDrop" name="clickOnFootballThenDrag" time="24.809"/>
  <system-out/>
  <testcase classname="DragAndDrop" name="clickOnLiteratureThenDrag" time="21.476"/>
  <system-out/>
  <testcase classname="DragAndDrop" name="init" time="13.795"/>
  <system-out/>
</testsuite> <!-- DragAndDrop -->
