<?xml version="1.0" encoding="UTF-8"?>
<!-- Generated by org.testng.reporters.JUnitReportReporter -->
<testsuite hostname="m2" failures="0" tests="2" name="ScrollDemo" time="19.054" errors="0" timestamp="2020-11-06T14:37:46 IST" skipped="0">
  <testcase classname="ScrollDemo" name="init" time="8.319"/>
  <system-out/>
  <testcase classname="ScrollDemo" name="scroll" time="10.735"/>
  <system-out/>
</testsuite> <!-- ScrollDemo -->
