<?xml version="1.0" encoding="UTF-8"?>
<!-- Generated by org.testng.reporters.JUnitReportReporter -->
<testsuite hostname="m2" failures="0" tests="5" name="Calculator" time="32.123" errors="0" timestamp="2020-11-06T12:17:23 IST" skipped="0">
  <testcase classname="Calculator" name="init" time="11.604"/>
  <system-out/>
  <testcase classname="Calculator" name="addition" time="5.732"/>
  <system-out/>
  <testcase classname="Calculator" name="subtraction" time="3.848"/>
  <system-out/>
  <testcase classname="Calculator" name="multiplication" time="3.928"/>
  <system-out/>
  <testcase classname="Calculator" name="division" time="7.011"/>
  <system-out/>
</testsuite> <!-- Calculator -->
